<?xml version="1.0" encoding="UTF-8"?>
<testsuite xmlns:xsi="http://www.w3.org/2001/XMLSchema-instance" xsi:noNamespaceSchemaLocation="https://maven.apache.org/surefire/maven-surefire-plugin/xsd/surefire-test-report-3.0.xsd" version="3.0" name="cryptoport.APIAutoTest" time="4.473" tests="8" errors="0" skipped="0" failures="2">
  <properties>
    <property name="java.specification.version" value="21"/>
    <property name="sun.jnu.encoding" value="UTF-8"/>
    <property name="java.class.path" value="/Users/mansourabbasi/eclipse-workspace/cryptoport/target/test-classes:/Users/mansourabbasi/eclipse-workspace/cryptoport/target/classes:/Users/mansourabbasi/.m2/repository/io/rest-assured/rest-assured/5.4.0/rest-assured-5.4.0.jar:/Users/mansourabbasi/.m2/repository/org/apache/groovy/groovy/4.0.16/groovy-4.0.16.jar:/Users/mansourabbasi/.m2/repository/org/apache/groovy/groovy-xml/4.0.16/groovy-xml-4.0.16.jar:/Users/mansourabbasi/.m2/repository/org/apache/httpcomponents/httpclient/4.5.13/httpclient-4.5.13.jar:/Users/mansourabbasi/.m2/repository/org/apache/httpcomponents/httpcore/4.4.13/httpcore-4.4.13.jar:/Users/mansourabbasi/.m2/repository/commons-logging/commons-logging/1.2/commons-logging-1.2.jar:/Users/mansourabbasi/.m2/repository/commons-codec/commons-codec/1.11/commons-codec-1.11.jar:/Users/mansourabbasi/.m2/repository/org/apache/httpcomponents/httpmime/4.5.13/httpmime-4.5.13.jar:/Users/mansourabbasi/.m2/repository/org/hamcrest/hamcrest/2.2/hamcrest-2.2.jar:/Users/mansourabbasi/.m2/repository/org/ccil/cowan/tagsoup/tagsoup/1.2.1/tagsoup-1.2.1.jar:/Users/mansourabbasi/.m2/repository/io/rest-assured/xml-path/5.4.0/xml-path-5.4.0.jar:/Users/mansourabbasi/.m2/repository/org/apache/commons/commons-lang3/3.11/commons-lang3-3.11.jar:/Users/mansourabbasi/.m2/repository/io/rest-assured/json-path/5.4.0/json-path-5.4.0.jar:/Users/mansourabbasi/.m2/repository/org/apache/groovy/groovy-json/4.0.16/groovy-json-4.0.16.jar:/Users/mansourabbasi/.m2/repository/io/rest-assured/rest-assured-common/5.4.0/rest-assured-common-5.4.0.jar:/Users/mansourabbasi/.m2/repository/org/json/json/20240205/json-20240205.jar:/Users/mansourabbasi/.m2/repository/com/google/code/gson/gson/2.10.1/gson-2.10.1.jar:/Users/mansourabbasi/.m2/repository/org/testng/testng/7.9.0/testng-7.9.0.jar:/Users/mansourabbasi/.m2/repository/org/slf4j/slf4j-api/1.7.36/slf4j-api-1.7.36.jar:/Users/mansourabbasi/.m2/repository/com/beust/jcommander/1.82/jcommander-1.82.jar:/Users/mansourabbasi/.m2/repository/org/webjars/jquery/3.7.1/jquery-3.7.1.jar:/Users/mansourabbasi/.m2/repository/com/github/scribejava/scribejava-apis/8.3.3/scribejava-apis-8.3.3.jar:/Users/mansourabbasi/.m2/repository/com/github/scribejava/scribejava-core/8.3.3/scribejava-core-8.3.3.jar:/Users/mansourabbasi/.m2/repository/com/github/scribejava/scribejava-java8/8.3.3/scribejava-java8-8.3.3.jar:/Users/mansourabbasi/.m2/repository/com/fasterxml/jackson/core/jackson-databind/2.14.0/jackson-databind-2.14.0.jar:/Users/mansourabbasi/.m2/repository/com/fasterxml/jackson/core/jackson-annotations/2.14.0/jackson-annotations-2.14.0.jar:/Users/mansourabbasi/.m2/repository/com/fasterxml/jackson/core/jackson-core/2.14.0/jackson-core-2.14.0.jar:/Users/mansourabbasi/.m2/repository/io/rest-assured/json-schema-validator/5.4.0/json-schema-validator-5.4.0.jar:/Users/mansourabbasi/.m2/repository/com/github/java-json-tools/json-schema-validator/2.2.14/json-schema-validator-2.2.14.jar:/Users/mansourabbasi/.m2/repository/com/github/java-json-tools/jackson-coreutils-equivalence/1.0/jackson-coreutils-equivalence-1.0.jar:/Users/mansourabbasi/.m2/repository/com/github/java-json-tools/jackson-coreutils/2.0/jackson-coreutils-2.0.jar:/Users/mansourabbasi/.m2/repository/com/github/java-json-tools/msg-simple/1.2/msg-simple-1.2.jar:/Users/mansourabbasi/.m2/repository/com/github/java-json-tools/btf/1.3/btf-1.3.jar:/Users/mansourabbasi/.m2/repository/com/github/java-json-tools/json-schema-core/1.2.14/json-schema-core-1.2.14.jar:/Users/mansourabbasi/.m2/repository/com/github/java-json-tools/uri-template/0.10/uri-template-0.10.jar:/Users/mansourabbasi/.m2/repository/org/mozilla/rhino/1.7.7.2/rhino-1.7.7.2.jar:/Users/mansourabbasi/.m2/repository/com/sun/mail/mailapi/1.6.2/mailapi-1.6.2.jar:/Users/mansourabbasi/.m2/repository/joda-time/joda-time/2.10.5/joda-time-2.10.5.jar:/Users/mansourabbasi/.m2/repository/com/googlecode/libphonenumber/libphonenumber/8.11.1/libphonenumber-8.11.1.jar:/Users/mansourabbasi/.m2/repository/com/google/code/findbugs/jsr305/3.0.2/jsr305-3.0.2.jar:/Users/mansourabbasi/.m2/repository/net/sf/jopt-simple/jopt-simple/5.0.4/jopt-simple-5.0.4.jar:/Users/mansourabbasi/.m2/repository/com/google/guava/guava/32.0.1-jre/guava-32.0.1-jre.jar:/Users/mansourabbasi/.m2/repository/com/google/guava/failureaccess/1.0.1/failureaccess-1.0.1.jar:/Users/mansourabbasi/.m2/repository/com/google/guava/listenablefuture/9999.0-empty-to-avoid-conflict-with-guava/listenablefuture-9999.0-empty-to-avoid-conflict-with-guava.jar:/Users/mansourabbasi/.m2/repository/org/checkerframework/checker-qual/3.33.0/checker-qual-3.33.0.jar:/Users/mansourabbasi/.m2/repository/com/google/errorprone/error_prone_annotations/2.18.0/error_prone_annotations-2.18.0.jar:/Users/mansourabbasi/.m2/repository/com/google/j2objc/j2objc-annotations/2.8/j2objc-annotations-2.8.jar:/Users/mansourabbasi/.m2/repository/xml-apis/xml-apis/1.0.b2/xml-apis-1.0.b2.jar:/Users/mansourabbasi/.m2/repository/ch/qos/logback/logback-classic/1.4.14/logback-classic-1.4.14.jar:/Users/mansourabbasi/.m2/repository/ch/qos/logback/logback-core/1.4.14/logback-core-1.4.14.jar:"/>
    <property name="java.vm.vendor" value="Homebrew"/>
    <property name="sun.arch.data.model" value="64"/>
    <property name="java.vendor.url" value="https://github.com/Homebrew/homebrew-core/issues"/>
    <property name="user.timezone" value="Europe/Berlin"/>
    <property name="os.name" value="Mac OS X"/>
    <property name="java.vm.specification.version" value="21"/>
    <property name="sun.java.launcher" value="SUN_STANDARD"/>
    <property name="user.country" value="DE"/>
    <property name="sun.boot.library.path" value="/usr/local/Cellar/openjdk/21.0.2/libexec/openjdk.jdk/Contents/Home/lib"/>
    <property name="sun.java.command" value="/Users/mansourabbasi/eclipse-workspace/cryptoport/target/surefire/surefirebooter-20240216112218102_3.jar /Users/mansourabbasi/eclipse-workspace/cryptoport/target/surefire 2024-02-16T11-22-17_962-jvmRun1 surefire-20240216112218102_1tmp surefire_0-20240216112218102_2tmp"/>
    <property name="http.nonProxyHosts" value="local|*.local|169.254/16|*.169.254/16"/>
    <property name="jdk.debug" value="release"/>
    <property name="test" value="APIAutoTest"/>
    <property name="surefire.test.class.path" value="/Users/mansourabbasi/eclipse-workspace/cryptoport/target/test-classes:/Users/mansourabbasi/eclipse-workspace/cryptoport/target/classes:/Users/mansourabbasi/.m2/repository/io/rest-assured/rest-assured/5.4.0/rest-assured-5.4.0.jar:/Users/mansourabbasi/.m2/repository/org/apache/groovy/groovy/4.0.16/groovy-4.0.16.jar:/Users/mansourabbasi/.m2/repository/org/apache/groovy/groovy-xml/4.0.16/groovy-xml-4.0.16.jar:/Users/mansourabbasi/.m2/repository/org/apache/httpcomponents/httpclient/4.5.13/httpclient-4.5.13.jar:/Users/mansourabbasi/.m2/repository/org/apache/httpcomponents/httpcore/4.4.13/httpcore-4.4.13.jar:/Users/mansourabbasi/.m2/repository/commons-logging/commons-logging/1.2/commons-logging-1.2.jar:/Users/mansourabbasi/.m2/repository/commons-codec/commons-codec/1.11/commons-codec-1.11.jar:/Users/mansourabbasi/.m2/repository/org/apache/httpcomponents/httpmime/4.5.13/httpmime-4.5.13.jar:/Users/mansourabbasi/.m2/repository/org/hamcrest/hamcrest/2.2/hamcrest-2.2.jar:/Users/mansourabbasi/.m2/repository/org/ccil/cowan/tagsoup/tagsoup/1.2.1/tagsoup-1.2.1.jar:/Users/mansourabbasi/.m2/repository/io/rest-assured/xml-path/5.4.0/xml-path-5.4.0.jar:/Users/mansourabbasi/.m2/repository/org/apache/commons/commons-lang3/3.11/commons-lang3-3.11.jar:/Users/mansourabbasi/.m2/repository/io/rest-assured/json-path/5.4.0/json-path-5.4.0.jar:/Users/mansourabbasi/.m2/repository/org/apache/groovy/groovy-json/4.0.16/groovy-json-4.0.16.jar:/Users/mansourabbasi/.m2/repository/io/rest-assured/rest-assured-common/5.4.0/rest-assured-common-5.4.0.jar:/Users/mansourabbasi/.m2/repository/org/json/json/20240205/json-20240205.jar:/Users/mansourabbasi/.m2/repository/com/google/code/gson/gson/2.10.1/gson-2.10.1.jar:/Users/mansourabbasi/.m2/repository/org/testng/testng/7.9.0/testng-7.9.0.jar:/Users/mansourabbasi/.m2/repository/org/slf4j/slf4j-api/1.7.36/slf4j-api-1.7.36.jar:/Users/mansourabbasi/.m2/repository/com/beust/jcommander/1.82/jcommander-1.82.jar:/Users/mansourabbasi/.m2/repository/org/webjars/jquery/3.7.1/jquery-3.7.1.jar:/Users/mansourabbasi/.m2/repository/com/github/scribejava/scribejava-apis/8.3.3/scribejava-apis-8.3.3.jar:/Users/mansourabbasi/.m2/repository/com/github/scribejava/scribejava-core/8.3.3/scribejava-core-8.3.3.jar:/Users/mansourabbasi/.m2/repository/com/github/scribejava/scribejava-java8/8.3.3/scribejava-java8-8.3.3.jar:/Users/mansourabbasi/.m2/repository/com/fasterxml/jackson/core/jackson-databind/2.14.0/jackson-databind-2.14.0.jar:/Users/mansourabbasi/.m2/repository/com/fasterxml/jackson/core/jackson-annotations/2.14.0/jackson-annotations-2.14.0.jar:/Users/mansourabbasi/.m2/repository/com/fasterxml/jackson/core/jackson-core/2.14.0/jackson-core-2.14.0.jar:/Users/mansourabbasi/.m2/repository/io/rest-assured/json-schema-validator/5.4.0/json-schema-validator-5.4.0.jar:/Users/mansourabbasi/.m2/repository/com/github/java-json-tools/json-schema-validator/2.2.14/json-schema-validator-2.2.14.jar:/Users/mansourabbasi/.m2/repository/com/github/java-json-tools/jackson-coreutils-equivalence/1.0/jackson-coreutils-equivalence-1.0.jar:/Users/mansourabbasi/.m2/repository/com/github/java-json-tools/jackson-coreutils/2.0/jackson-coreutils-2.0.jar:/Users/mansourabbasi/.m2/repository/com/github/java-json-tools/msg-simple/1.2/msg-simple-1.2.jar:/Users/mansourabbasi/.m2/repository/com/github/java-json-tools/btf/1.3/btf-1.3.jar:/Users/mansourabbasi/.m2/repository/com/github/java-json-tools/json-schema-core/1.2.14/json-schema-core-1.2.14.jar:/Users/mansourabbasi/.m2/repository/com/github/java-json-tools/uri-template/0.10/uri-template-0.10.jar:/Users/mansourabbasi/.m2/repository/org/mozilla/rhino/1.7.7.2/rhino-1.7.7.2.jar:/Users/mansourabbasi/.m2/repository/com/sun/mail/mailapi/1.6.2/mailapi-1.6.2.jar:/Users/mansourabbasi/.m2/repository/joda-time/joda-time/2.10.5/joda-time-2.10.5.jar:/Users/mansourabbasi/.m2/repository/com/googlecode/libphonenumber/libphonenumber/8.11.1/libphonenumber-8.11.1.jar:/Users/mansourabbasi/.m2/repository/com/google/code/findbugs/jsr305/3.0.2/jsr305-3.0.2.jar:/Users/mansourabbasi/.m2/repository/net/sf/jopt-simple/jopt-simple/5.0.4/jopt-simple-5.0.4.jar:/Users/mansourabbasi/.m2/repository/com/google/guava/guava/32.0.1-jre/guava-32.0.1-jre.jar:/Users/mansourabbasi/.m2/repository/com/google/guava/failureaccess/1.0.1/failureaccess-1.0.1.jar:/Users/mansourabbasi/.m2/repository/com/google/guava/listenablefuture/9999.0-empty-to-avoid-conflict-with-guava/listenablefuture-9999.0-empty-to-avoid-conflict-with-guava.jar:/Users/mansourabbasi/.m2/repository/org/checkerframework/checker-qual/3.33.0/checker-qual-3.33.0.jar:/Users/mansourabbasi/.m2/repository/com/google/errorprone/error_prone_annotations/2.18.0/error_prone_annotations-2.18.0.jar:/Users/mansourabbasi/.m2/repository/com/google/j2objc/j2objc-annotations/2.8/j2objc-annotations-2.8.jar:/Users/mansourabbasi/.m2/repository/xml-apis/xml-apis/1.0.b2/xml-apis-1.0.b2.jar:/Users/mansourabbasi/.m2/repository/ch/qos/logback/logback-classic/1.4.14/logback-classic-1.4.14.jar:/Users/mansourabbasi/.m2/repository/ch/qos/logback/logback-core/1.4.14/logback-core-1.4.14.jar:"/>
    <property name="sun.cpu.endian" value="little"/>
    <property name="user.home" value="/Users/mansourabbasi"/>
    <property name="user.language" value="en"/>
    <property name="java.specification.vendor" value="Oracle Corporation"/>
    <property name="java.version.date" value="2024-01-16"/>
    <property name="java.home" value="/usr/local/Cellar/openjdk/21.0.2/libexec/openjdk.jdk/Contents/Home"/>
    <property name="file.separator" value="/"/>
    <property name="basedir" value="/Users/mansourabbasi/eclipse-workspace/cryptoport"/>
    <property name="java.vm.compressedOopsMode" value="Zero based"/>
    <property name="line.separator" value="&#10;"/>
    <property name="java.vm.specification.vendor" value="Oracle Corporation"/>
    <property name="java.specification.name" value="Java Platform API Specification"/>
    <property name="apple.awt.application.name" value="ForkedBooter"/>
    <property name="surefire.real.class.path" value="/Users/mansourabbasi/eclipse-workspace/cryptoport/target/surefire/surefirebooter-20240216112218102_3.jar"/>
    <property name="sun.management.compiler" value="HotSpot 64-Bit Tiered Compilers"/>
    <property name="ftp.nonProxyHosts" value="local|*.local|169.254/16|*.169.254/16"/>
    <property name="java.runtime.version" value="21.0.2"/>
    <property name="user.name" value="mansourabbasi"/>
    <property name="stdout.encoding" value="UTF-8"/>
    <property name="path.separator" value=":"/>
    <property name="os.version" value="12.1"/>
    <property name="java.runtime.name" value="OpenJDK Runtime Environment"/>
    <property name="file.encoding" value="UTF-8"/>
    <property name="java.vm.name" value="OpenJDK 64-Bit Server VM"/>
    <property name="java.vendor.version" value="Homebrew"/>
    <property name="localRepository" value="/Users/mansourabbasi/.m2/repository"/>
    <property name="java.vendor.url.bug" value="https://github.com/Homebrew/homebrew-core/issues"/>
    <property name="java.io.tmpdir" value="/var/folders/81/_gq6zdwx73z9l7trvjyy3ms00000gn/T/"/>
    <property name="java.version" value="21.0.2"/>
    <property name="user.dir" value="/Users/mansourabbasi/eclipse-workspace/cryptoport"/>
    <property name="os.arch" value="x86_64"/>
    <property name="java.vm.specification.name" value="Java Virtual Machine Specification"/>
    <property name="native.encoding" value="UTF-8"/>
    <property name="java.library.path" value="/Users/mansourabbasi/Library/Java/Extensions:/Library/Java/Extensions:/Network/Library/Java/Extensions:/System/Library/Java/Extensions:/usr/lib/java:."/>
    <property name="java.vm.info" value="mixed mode, sharing"/>
    <property name="stderr.encoding" value="UTF-8"/>
    <property name="java.vendor" value="Homebrew"/>
    <property name="java.vm.version" value="21.0.2"/>
    <property name="sun.io.unicode.encoding" value="UnicodeBig"/>
    <property name="socksNonProxyHosts" value="local|*.local|169.254/16|*.169.254/16"/>
    <property name="java.class.version" value="65.0"/>
  </properties>
  <testcase name="testGetAccountDetails" classname="cryptoport.APIAutoTest" time="2.717">
    <system-out><![CDATA[GET Response Code: 200
GET Response Body: {"id":1701343541,"sub":"auth0|656895e80300966ad3b794a8","email":"pm@micobo.com","roles":[2]}

]]></system-out>
    <system-err><![CDATA[SLF4J: Failed to load class "org.slf4j.impl.StaticLoggerBinder".
SLF4J: Defaulting to no-operation (NOP) logger implementation
SLF4J: See http://www.slf4j.org/codes.html#StaticLoggerBinder for further details.
]]></system-err>
  </testcase>
  <testcase name="testListAllTokens" classname="cryptoport.APIAutoTest" time="0.197">
    <system-out><![CDATA[GET List All Tokens Response Code: 200
GET List All Tokens Response Body: [{"id":3274567916,"metadata":{},"address":"0xbf006A59c851eD89E185F50dF7952F1F3cAABc42","name":"kEwVIzOt token","symbol":"GnAMk","granularity":1,"totalSupply":19990,"cap":1000000,"isControllable":true,"isIssuable":true,"block":173563,"paused":false,"txHash":"0xa5f1b4fbc49567124001ee3a1016761d04c0bd167af73de25d021218ad35d805","status":"BURNED","networkId":1393,"createdAt":1707479104,"updatedAt":1707479104},{"id":1723204410,"metadata":{},"address":"0xDAea6e930fcc7361F1D7c95EcdEe09da67958B02","name":"testing token 1","symbol":"tstng1","granularity":1,"totalSupply":10000,"cap":1000000,"isControllable":true,"isIssuable":true,"block":198792,"paused":false,"txHash":"0x7f1ab2f654410818d74f89ed7c8def212298d382e6b550105f73da91a384f49a","status":"MINTED","networkId":1393,"createdAt":1707605249,"updatedAt":1707605249},{"id":2898638602,"metadata":{"name":"Option Dax 200 Faktor 5","description":"Test","properties":[{"trait_type":"ERC20","value":"available"},{"trait_type":"ERC1400","value":"unavailable"},{"trait_type":"Faktor","value":"5"},{"trait_type":"Img","value":"example.png"}]},"address":"0x3C04D980A82a96d4e321b424a4E7d67fcF323400","name":"Option Dax 200 Faktor 5","symbol":"OD2F","granularity":1,"totalSupply":0,"cap":1000000,"isControllable":true,"isIssuable":true,"block":153471,"paused":false,"txHash":"0x8664dbdbde6d61df1fa28b2982c7293a51df975b6423c628eade6c402accba5f","status":"DEPLOYED","networkId":1393,"createdAt":1707378644,"updatedAt":1707378644},{"id":3638181126597028169,"metadata":{},"address":"0x7d3698af22A7018Ebc941A603abda1C1C7319fed","name":"DBCAG token","symbol":"DBCAG","granularity":1,"totalSupply":0,"cap":1000000,"isControllable":true,"isIssuable":true,"block":17385,"paused":false,"txHash":"0xf961c48f5bddc7513b978594b894b990be743256b711413befa608fc58253f85","status":"DEPLOYED","networkId":1393,"createdAt":1706698198,"updatedAt":1706698198},{"id":200619340,"metadata":{},"address":"0xfcCcEd97089A6140Ca45f9185682053C283080C6","name":"CWORQilt token","symbol":"fZKDk","granularity":1,"totalSupply":1000000,"cap":1000000,"isControllable":true,"isIssuable":true,"block":173556,"paused":false,"txHash":"0x22b580631832cdb95e274ba41a0bd0bf75d981952196511cbf33070c837ed88d","status":"MINTED","networkId":1393,"createdAt":1707479069,"updatedAt":1707479069},{"id":2850600631,"metadata":{},"address":"0x6cA30c29b35a37ebC2b7Ca80Aa0D64026141E33C","name":"dpLBcJHY token","symbol":"ZbyGN","granularity":1,"totalSupply":0,"cap":1000000,"isControllable":true,"isIssuable":true,"block":173074,"paused":false,"txHash":"0x8d3a348ca740484a5eafd59e8121d525adacd38195c3fda01b34cc44ba296ad8","status":"DEPLOYED","networkId":1393,"createdAt":1707476659,"updatedAt":1707476659},{"id":3282498639,"metadata":{},"address":"0xb58f3398Be14593A038C436Bb914d71642e699d6","name":"OAMBRcSF token","symbol":"AgWPE","granularity":1,"totalSupply":0,"cap":1000000,"isControllable":true,"isIssuable":true,"block":173005,"paused":false,"txHash":"0x65f1cf2b60caad1c994585fb1fd179201dac9c42a9a67c835a36cb73051c55f7","status":"DEPLOYED","networkId":1393,"createdAt":1707476314,"updatedAt":1707476314},{"id":2241722414,"metadata":{},"address":"0xBAE7A6B2D694C1dEB2BBeDcE48A1CFb0C87157d9","name":"MH27WCXvLq","symbol":"pBuAZ","granularity":1,"totalSupply":0,"cap":1000000,"isControllable":true,"isIssuable":true,"block":210556,"paused":false,"txHash":"0x834d6634c50210a9ebeb8511de5a6c16803ffda25357152adc12b1061acf1682","status":"DEPLOYED","networkId":1393,"createdAt":1707664069,"updatedAt":1707664069},{"id":2520664008,"metadata":{},"address":"0x88f12603Ed648AAf9A06eA99a6E731bD96a2Bf59","name":"Oy5GczLTqK","symbol":"mEBYr","granularity":1,"totalSupply":0,"cap":1000000,"isControllable":true,"isIssuable":true,"block":224749,"paused":false,"txHash":"0xc1835bab0892804528171cc6249aea2ba62b60f16dd358347016d0f42294560f","status":"DEPLOYED","networkId":1393,"createdAt":1707735034,"updatedAt":1707735034},{"id":7629683782338921893,"metadata":{},"address":"0x64ADC79c721914dDAf2A6803800d86DCd889819A","name":"Azure Blockchain Token I","symbol":"ABTI","granularity":1,"totalSupply":0,"cap":10000,"isControllable":true,"isIssuable":true,"block":16535,"paused":false,"txHash":"0xe0174458ce277e357039944575cd916a9bdcac864340a0b968ea3d9d5e9983d3","status":"DEPLOYED","networkId":1393,"createdAt":1706693948,"updatedAt":1706693948},{"id":90641518,"metadata":{},"address":"0x025BA037711081aFc515fd2960Eeb12F0Eb54cff","name":"HygKRiYK token","symbol":"aLNys","granularity":1,"totalSupply":0,"cap":1000000,"isControllable":true,"isIssuable":true,"block":173217,"paused":false,"txHash":"0xd7e686aa6e4ad631c7c34d92c5bfffa25936f2a0a7068742fe7fe7103d5198dc","status":"DEPLOYED","networkId":1393,"createdAt":1707477374,"updatedAt":1707477374},{"id":218320217,"metadata":{"name":"Apple Stock Mirror SGX","description":"Mirrored Stock of Nasdaq AAPLE by the Singapore Stock Exchange","properties":[{"trait_type":"ERC20","value":"available"},{"trait_type":"ERC1400","value":"available"},{"trait_type":"CEO","value":"Tim Cook"},{"trait_type":"Replicator","value":"Singapore Stock Exchange"}]},"address":"0x8Cd883D07686474D3BB6A04096d01aD41e011803","name":"Apple Stock Mirror SGX","symbol":"AAPLESGX","granularity":1,"totalSupply":10008,"cap":1000000,"isControllable":true,"isIssuable":true,"block":172426,"paused":false,"txHash":"0x2076f3fd3d26590f2961cabbc9e19e44ac853189077846b63772f5715ce38e5f","status":"TRANSFERRED","networkId":1393,"createdAt":1707473419,"updatedAt":1707473419},{"id":1496210871,"metadata":{"name":"Test Asset","description":"for test ","properties":[{"trait_type":"ERC20","value":"available"},{"trait_type":"ERC1400","value":"unavailable"}]},"address":"0x179e7C4f36e8718e5113af12363c37bc87aF2635","name":"Test Asset","symbol":"TSTA1","granularity":1,"totalSupply":999000,"cap":1000000,"isControllable":true,"isIssuable":true,"block":154588,"paused":false,"txHash":"0x3ac9ce12355942b84dc195a4d0d880dc2db1b65aa0ebc177b9486a0555b5e43a","status":"BURNED","networkId":1393,"createdAt":1707384229,"updatedAt":1707384229},{"id":1404425895265517963,"metadata":{},"address":"0x3CF1e9e691988E58cB7839eDddD94C3C4c233391","name":"DBCAE token","symbol":"DBCAE","granularity":1,"totalSupply":0,"cap":1000000,"isControllable":true,"isIssuable":true,"block":17423,"paused":false,"txHash":"0x4c28a19ea1dec45f3c57cd72e564a56aaafa421160c504e3a3a2473406704535","status":"DEPLOYED","networkId":1393,"createdAt":1706698388,"updatedAt":1706698388},{"id":187971310,"metadata":{},"address":"0x23A2b096E8B35DE0127e99c247Bf9045E72a010C","name":"DBCAv token","symbol":"DBCAv","granularity":1,"totalSupply":0,"cap":1000000,"isControllable":true,"isIssuable":true,"block":159968,"paused":false,"txHash":"0x5f7cd1af7c92abee5ff20634c87647aa1fbc21bb9c0c2647d765d994cccb51ad","status":"DEPLOYED","networkId":1393,"createdAt":1707411129,"updatedAt":1707411129},{"id":3483983940,"metadata":{},"address":"0x6E5526f8916eE9888B64bc3FDB27363442295571","name":"hcRkzSus token","symbol":"HSFXb","granularity":1,"totalSupply":0,"cap":1000000,"isControllable":true,"isIssuable":true,"block":173116,"paused":false,"txHash":"0xf87879fcc090668bee5977bfcd01e237e415c34e7bbf8b2cf4ba71e3a5cbcf1d","status":"DEPLOYED","networkId":1393,"createdAt":1707476869,"updatedAt":1707476869},{"id":8538928969866374487,"metadata":{},"address":"0x56C7aA830000f47133c0A26A9F317E7827a6Ca5f","name":"Part I Tion Token","symbol":"PART1","granularity":1,"totalSupply":0,"cap":1000000,"isControllable":true,"isIssuable":true,"block":16821,"paused":false,"txHash":"0x345986914a6e89afa03d32741bacb18de1fd196ff3424b9320337c96ad292449","status":"DEPLOYED","networkId":1393,"createdAt":1706695378,"updatedAt":1706695378},{"id":6886320021090178492,"metadata":{},"address":"0x1f26AaafF1Fe54D333BC9E2E0BF4091B1740991c","name":"DBCAh token","symbol":"DBCAh","granularity":1,"totalSupply":0,"cap":1000000,"isControllable":true,"isIssuable":true,"block":0,"paused":false,"txHash":"0x00","status":"PENDING","networkId":1393,"createdAt":0,"updatedAt":0},{"id":228482493,"metadata":{},"address":"0xeD86EBDe1E939ee462f8cEC14D535A888cA89EA0","name":"DBCAg token","symbol":"DBCAg","granularity":1,"totalSupply":0,"cap":1000000,"isControllable":true,"isIssuable":true,"block":172918,"paused":false,"txHash":"0x5bfada46a914b04fcd289a510f1542b778d2ad194b95150a905ec14e24db16eb","status":"DEPLOYED","networkId":1393,"createdAt":1707475879,"updatedAt":1707475879},{"id":3547647161,"metadata":{"name":"Faktor Dax 3000 Option 5x","description":"Faktor Dax","properties":[{"trait_type":"ERC20","value":"available"},{"trait_type":"ERC1400","value":"unavailable"},{"trait_type":"img","value":"test"}]},"address":"0x6720504E4ea40aA1e47db952B0f1622eD0636779","name":"Faktor Dax 3000 Option 5x","symbol":"FD3OX","granularity":1,"totalSupply":0,"cap":1000000,"isControllable":true,"isIssuable":true,"block":157973,"paused":false,"txHash":"0x66d81988b717ac9442b63af3ecdcebc21dc8b862b0283f570065d3bb2e28579e","status":"DEPLOYED","networkId":1393,"createdAt":1707401154,"updatedAt":1707401154},{"id":3111251817,"metadata":{},"address":"0xd3A5b162D2942e99C3eF69b9C97Df236356C1575","name":"DBCAp token","symbol":"DBCAp","granularity":1,"totalSupply":0,"cap":1000000,"isControllable":true,"isIssuable":true,"block":159955,"paused":false,"txHash":"0x5591784ceb4aaa11e9e3ebcd686a9b13a8dd97ad0401dacbfad1ce3212161291","status":"DEPLOYED","networkId":1393,"createdAt":1707411064,"updatedAt":1707411064},{"id":818780375,"metadata":{},"address":"0x829Bb3CC232Deb5CDfa54C3670B7aBbaA6287240","name":"jnprvMEx token","symbol":"sTHis","granularity":1,"totalSupply":0,"cap":1000000,"isControllable":true,"isIssuable":true,"block":173390,"paused":false,"txHash":"0x349d0fa5710e97fe42c5d958606094624d85dab67e9f820b3c17432f0f36773f","status":"DEPLOYED","networkId":1393,"createdAt":1707478239,"updatedAt":1707478239}]

]]></system-out>
  </testcase>
  <testcase name="testGetTokenInfo" classname="cryptoport.APIAutoTest" time="0.149">
    <failure message="Unexpected status code expected [200] but found [500]" type="java.lang.AssertionError"><![CDATA[java.lang.AssertionError: Unexpected status code expected [200] but found [500]
	at org.testng.Assert.fail(Assert.java:111)
	at org.testng.Assert.failNotEquals(Assert.java:1578)
	at org.testng.Assert.assertEqualsImpl(Assert.java:150)
	at org.testng.Assert.assertEquals(Assert.java:132)
	at org.testng.Assert.assertEquals(Assert.java:1419)
	at org.testng.Assert.assertEquals(Assert.java:1383)
	at cryptoport.APIAutoTest.testGetTokenInfo(APIAutoTest.java:124)
	at java.base/jdk.internal.reflect.DirectMethodHandleAccessor.invoke(DirectMethodHandleAccessor.java:103)
	at java.base/java.lang.reflect.Method.invoke(Method.java:580)
	at org.testng.internal.invokers.MethodInvocationHelper.invokeMethod(MethodInvocationHelper.java:139)
	at org.testng.internal.invokers.TestInvoker.invokeMethod(TestInvoker.java:664)
	at org.testng.internal.invokers.TestInvoker.invokeTestMethod(TestInvoker.java:228)
	at org.testng.internal.invokers.MethodRunner.runInSequence(MethodRunner.java:63)
	at org.testng.internal.invokers.TestInvoker$MethodInvocationAgent.invoke(TestInvoker.java:961)
	at org.testng.internal.invokers.TestInvoker.invokeTestMethods(TestInvoker.java:201)
	at org.testng.internal.invokers.TestMethodWorker.invokeTestMethods(TestMethodWorker.java:148)
	at org.testng.internal.invokers.TestMethodWorker.run(TestMethodWorker.java:128)
	at java.base/java.util.ArrayList.forEach(ArrayList.java:1596)
	at org.testng.TestRunner.privateRun(TestRunner.java:819)
	at org.testng.TestRunner.run(TestRunner.java:619)
	at org.testng.SuiteRunner.runTest(SuiteRunner.java:443)
	at org.testng.SuiteRunner.runSequentially(SuiteRunner.java:437)
	at org.testng.SuiteRunner.privateRun(SuiteRunner.java:397)
	at org.testng.SuiteRunner.run(SuiteRunner.java:336)
	at org.testng.SuiteRunnerWorker.runSuite(SuiteRunnerWorker.java:52)
	at org.testng.SuiteRunnerWorker.run(SuiteRunnerWorker.java:95)
	at org.testng.TestNG.runSuitesSequentially(TestNG.java:1301)
	at org.testng.TestNG.runSuitesLocally(TestNG.java:1228)
	at org.testng.TestNG.runSuites(TestNG.java:1134)
	at org.testng.TestNG.run(TestNG.java:1101)
	at org.apache.maven.surefire.testng.TestNGExecutor.run(TestNGExecutor.java:155)
	at org.apache.maven.surefire.testng.TestNGDirectoryTestSuite.executeSingleClass(TestNGDirectoryTestSuite.java:102)
	at org.apache.maven.surefire.testng.TestNGDirectoryTestSuite.execute(TestNGDirectoryTestSuite.java:91)
	at org.apache.maven.surefire.testng.TestNGProvider.invoke(TestNGProvider.java:137)
	at org.apache.maven.surefire.booter.ForkedBooter.runSuitesInProcess(ForkedBooter.java:385)
	at org.apache.maven.surefire.booter.ForkedBooter.execute(ForkedBooter.java:162)
	at org.apache.maven.surefire.booter.ForkedBooter.run(ForkedBooter.java:507)
	at org.apache.maven.surefire.booter.ForkedBooter.main(ForkedBooter.java:495)
]]></failure>
  </testcase>
  <testcase name="testListTokenHolders" classname="cryptoport.APIAutoTest" time="0.131">
    <system-out><![CDATA[GET List Token Holders Response Code: 200
GET List Token Holders Response Body: []

]]></system-out>
  </testcase>
  <testcase name="testDeleteToken" classname="cryptoport.APIAutoTest" time="0.002">
    <failure message="Extracted address is null or empty expected object to not be null" type="java.lang.AssertionError"><![CDATA[java.lang.AssertionError: Extracted address is null or empty expected object to not be null
	at org.testng.Assert.fail(Assert.java:111)
	at org.testng.Assert.assertNotNull(Assert.java:1484)
	at cryptoport.APIAutoTest.testDeleteToken(APIAutoTest.java:153)
	at java.base/jdk.internal.reflect.DirectMethodHandleAccessor.invoke(DirectMethodHandleAccessor.java:103)
	at java.base/java.lang.reflect.Method.invoke(Method.java:580)
	at org.testng.internal.invokers.MethodInvocationHelper.invokeMethod(MethodInvocationHelper.java:139)
	at org.testng.internal.invokers.TestInvoker.invokeMethod(TestInvoker.java:664)
	at org.testng.internal.invokers.TestInvoker.invokeTestMethod(TestInvoker.java:228)
	at org.testng.internal.invokers.MethodRunner.runInSequence(MethodRunner.java:63)
	at org.testng.internal.invokers.TestInvoker$MethodInvocationAgent.invoke(TestInvoker.java:961)
	at org.testng.internal.invokers.TestInvoker.invokeTestMethods(TestInvoker.java:201)
	at org.testng.internal.invokers.TestMethodWorker.invokeTestMethods(TestMethodWorker.java:148)
	at org.testng.internal.invokers.TestMethodWorker.run(TestMethodWorker.java:128)
	at java.base/java.util.ArrayList.forEach(ArrayList.java:1596)
	at org.testng.TestRunner.privateRun(TestRunner.java:819)
	at org.testng.TestRunner.run(TestRunner.java:619)
	at org.testng.SuiteRunner.runTest(SuiteRunner.java:443)
	at org.testng.SuiteRunner.runSequentially(SuiteRunner.java:437)
	at org.testng.SuiteRunner.privateRun(SuiteRunner.java:397)
	at org.testng.SuiteRunner.run(SuiteRunner.java:336)
	at org.testng.SuiteRunnerWorker.runSuite(SuiteRunnerWorker.java:52)
	at org.testng.SuiteRunnerWorker.run(SuiteRunnerWorker.java:95)
	at org.testng.TestNG.runSuitesSequentially(TestNG.java:1301)
	at org.testng.TestNG.runSuitesLocally(TestNG.java:1228)
	at org.testng.TestNG.runSuites(TestNG.java:1134)
	at org.testng.TestNG.run(TestNG.java:1101)
	at org.apache.maven.surefire.testng.TestNGExecutor.run(TestNGExecutor.java:155)
	at org.apache.maven.surefire.testng.TestNGDirectoryTestSuite.executeSingleClass(TestNGDirectoryTestSuite.java:102)
	at org.apache.maven.surefire.testng.TestNGDirectoryTestSuite.execute(TestNGDirectoryTestSuite.java:91)
	at org.apache.maven.surefire.testng.TestNGProvider.invoke(TestNGProvider.java:137)
	at org.apache.maven.surefire.booter.ForkedBooter.runSuitesInProcess(ForkedBooter.java:385)
	at org.apache.maven.surefire.booter.ForkedBooter.execute(ForkedBooter.java:162)
	at org.apache.maven.surefire.booter.ForkedBooter.run(ForkedBooter.java:507)
	at org.apache.maven.surefire.booter.ForkedBooter.main(ForkedBooter.java:495)
]]></failure>
  </testcase>
  <testcase name="testMintTokenCall" classname="cryptoport.APIAutoTest" time="0.195">
    <system-out><![CDATA[POST Token Call Response Code: 200
POST Token Call Response Body: {"transfer":{"type":"0x0","nonce":"0x9","gasPrice":"0x3b9aca00","maxPriorityFeePerGas":null,"maxFeePerGas":null,"gas":"0x14518","value":"0x0","input":"0x40c10f190000000000000000000000001ba4f352deb45bf56c14b2e3fc5ba052c468e7980000000000000000000000000000000000000000000000000000000000000014","v":"0x0","r":"0x0","s":"0x0","to":"0xbf006a59c851ed89e185f50df7952f1f3caabc42","hash":"0xbb0870a94b02a5baa4778190c1658046a0bd3fd1926e7fb4643c3f3e49a2a955"}}

]]></system-out>
  </testcase>
  <testcase name="testPostTokenTransfer" classname="cryptoport.APIAutoTest" time="0.179">
    <system-out><![CDATA[POST Token Transfer Response Code: 200
POST Token Transfer Response Body: {"transfer":{"type":"0x0","nonce":"0x9","gasPrice":"0x3b9aca00","maxPriorityFeePerGas":null,"maxFeePerGas":null,"gas":"0x172aa","value":"0x0","input":"0xa9059cbb000000000000000000000000264a02942f0ad25be3e5db6420f4c323b585769e000000000000000000000000000000000000000000000000000000000000000a","v":"0x0","r":"0x0","s":"0x0","to":"0xbf006a59c851ed89e185f50df7952f1f3caabc42","hash":"0x5483ee285144a2b3313788d544567e9411f2166cee1bb10a6d2b54a5bbe1a7ec"}}

]]></system-out>
  </testcase>
  <testcase name="testBurnTokenCall" classname="cryptoport.APIAutoTest" time="0.177">
    <system-out><![CDATA[POST Token Call Response Code: 200
POST Token Call Response Body: {"transfer":{"type":"0x0","nonce":"0x9","gasPrice":"0x3b9aca00","maxPriorityFeePerGas":null,"maxFeePerGas":null,"gas":"0x11dfb","value":"0x0","input":"0x9dc29fac0000000000000000000000001ba4f352deb45bf56c14b2e3fc5ba052c468e798000000000000000000000000000000000000000000000000000000000000000a","v":"0x0","r":"0x0","s":"0x0","to":"0xbf006a59c851ed89e185f50df7952f1f3caabc42","hash":"0x6e5366adaa38e475a0041d8e29e67cee315f941b4d99b40e3ae8375aca576005"}}

]]></system-out>
  </testcase>
</testsuite>