<?xml version="1.0" encoding="UTF-8"?>
<!-- Generated by org.testng.reporters.JUnitReportReporter -->
<testsuite hostname="Mansours-MBP.fritz.box" failures="0" tests="1" name="cryptoport.APIAutoTest" time="7.633" errors="0" timestamp="2024-02-19T12:30:36 CET" skipped="0">
  <testcase classname="cryptoport.APIAutoTest" name="testPostTokenDeployment" time="7.633"/>
</testsuite> <!-- cryptoport.APIAutoTest -->
