<?xml version="1.0" encoding="UTF-8"?>
<!-- Generated by org.testng.reporters.JUnitReportReporter -->
<testsuite hostname="Mansours-MBP.fritz.box" failures="0" tests="9" name="cryptoport.APIAutoTest" time="7.302" errors="0" timestamp="2024-02-19T12:33:22 CET" skipped="0">
  <testcase classname="cryptoport.APIAutoTest" name="testGetAccountDetails" time="2.727"/>
  <testcase classname="cryptoport.APIAutoTest" name="testListAllTokens" time="0.228"/>
  <testcase classname="cryptoport.APIAutoTest" name="testPostTokenDeployment" time="3.359"/>
  <testcase classname="cryptoport.APIAutoTest" name="testGetTokenInfo" time="0.148"/>
  <testcase classname="cryptoport.APIAutoTest" name="testListTokenHolders" time="0.145"/>
  <testcase classname="cryptoport.APIAutoTest" name="testDeleteToken" time="0.142"/>
  <testcase classname="cryptoport.APIAutoTest" name="testMintTokenCall" time="0.188"/>
  <testcase classname="cryptoport.APIAutoTest" name="testPostTokenTransfer" time="0.179"/>
  <testcase classname="cryptoport.APIAutoTest" name="testBurnTokenCall" time="0.186"/>
</testsuite> <!-- cryptoport.APIAutoTest -->
