<?xml version="1.0" encoding="UTF-8"?>
<!-- Generated by org.testng.reporters.JUnitReportReporter -->
<testsuite hostname="Mansours-MBP.fritz.box" failures="0" tests="9" name="cryptoport.APIAutoTest" time="10.981" errors="0" timestamp="2024-02-20T10:49:36 CET" skipped="0">
  <testcase classname="cryptoport.APIAutoTest" name="testGetAccountDetails" time="2.379"/>
  <testcase classname="cryptoport.APIAutoTest" name="testListAllTokens" time="0.211"/>
  <testcase classname="cryptoport.APIAutoTest" name="testPostTokenDeployment" time="7.321"/>
  <testcase classname="cryptoport.APIAutoTest" name="testGetTokenInfo" time="0.204"/>
  <testcase classname="cryptoport.APIAutoTest" name="testListTokenHolders" time="0.171"/>
  <testcase classname="cryptoport.APIAutoTest" name="testDeleteToken" time="0.133"/>
  <testcase classname="cryptoport.APIAutoTest" name="testMintTokenCall" time="0.179"/>
  <testcase classname="cryptoport.APIAutoTest" name="testPostTokenTransfer" time="0.200"/>
  <testcase classname="cryptoport.APIAutoTest" name="testBurnTokenCall" time="0.183"/>
</testsuite> <!-- cryptoport.APIAutoTest -->
